<?xml version="1.0" encoding="UTF-8"?>
<!-- Generated by org.testng.reporters.JUnitXMLReporter -->
<testsuite ignored="0" hostname="Admin" failures="1" tests="12" name="Smoke Test" time="40.073" errors="0" timestamp="2019-10-14T14:07:24 IST">
  <testcase classname="com.gojek.testcases.SuccessCredit" name="mainPage" time="0.321"/>
  <testcase classname="com.gojek.testcases.SuccessCredit" name="shoppingCart" time="3.65"/>
  <testcase classname="com.gojek.testcases.SuccessCredit" name="orderSummary" time="0.295"/>
  <testcase classname="com.gojek.testcases.SuccessCredit" name="cardPayment" time="0.353"/>
  <testcase classname="com.gojek.testcases.SuccessCredit" name="cardDetails" time="5.983"/>
  <testcase classname="com.gojek.testcases.SuccessCredit" name="transactionCompleted" time="6.085"/>
  <testcase classname="com.gojek.testcases.FailedCredit" name="mainPage" time="0.215"/>
  <testcase classname="com.gojek.testcases.FailedCredit" name="shoppingCart" time="3.567"/>
  <testcase classname="com.gojek.testcases.FailedCredit" name="orderSummary" time="0.289"/>
  <testcase classname="com.gojek.testcases.FailedCredit" name="cardPayment" time="0.348"/>
  <testcase classname="com.gojek.testcases.FailedCredit" name="cardDetails" time="5.886"/>
  <testcase classname="com.gojek.testcases.FailedCredit" name="transactionCompleted" time="1.503">
    <failure type="org.openqa.selenium.WebDriverException" message="target frame detached
  (Session info: chrome=77.0.3865.90)
Build info: version: &amp;apos;3.141.59&amp;apos;, revision: &amp;apos;e82be7d358&amp;apos;, time: &amp;apos;2018-11-14T08:17:03&amp;apos;
System info: host: &amp;apos;ADMIN&amp;apos;, ip: &amp;apos;192.168.29.94&amp;apos;, os.name: &amp;apos;Windows 8.1&amp;apos;, os.arch: &amp;apos;amd64&amp;apos;, os.version: &amp;apos;6.3&amp;apos;, java.version: &amp;apos;10.0.2&amp;apos;
Driver info: org.openqa.selenium.chrome.ChromeDriver
Capabilities {acceptInsecureCerts: false, browserName: chrome, browserVersion: 77.0.3865.90, chrome: {chromedriverVersion: 77.0.3865.40 (f484704e052e0..., userDataDir: C:\Users\ADMINP~1\AppData\L...}, goog:chromeOptions: {debuggerAddress: localhost:62063}, javascriptEnabled: true, networkConnectionEnabled: false, pageLoadStrategy: normal, platform: XP, platformName: XP, proxy: Proxy(), setWindowRect: true, strictFileInteractability: false, timeouts: {implicit: 0, pageLoad: 300000, script: 30000}, unhandledPromptBehavior: dismiss and notify}
Session ID: b0d32fe2085533182810167d19ae2e07
*** Element info: {Using=css selector, value=frame[name=&amp;apos;snap\-midtrans&amp;apos;],iframe[name=&amp;apos;snap\-midtrans&amp;apos;]}">
      <![CDATA[org.openqa.selenium.WebDriverException: target frame detached
  (Session info: chrome=77.0.3865.90)
Build info: version: '3.141.59', revision: 'e82be7d358', time: '2018-11-14T08:17:03'
System info: host: 'ADMIN', ip: '192.168.29.94', os.name: 'Windows 8.1', os.arch: 'amd64', os.version: '6.3', java.version: '10.0.2'
Driver info: org.openqa.selenium.chrome.ChromeDriver
Capabilities {acceptInsecureCerts: false, browserName: chrome, browserVersion: 77.0.3865.90, chrome: {chromedriverVersion: 77.0.3865.40 (f484704e052e0..., userDataDir: C:\Users\ADMINP~1\AppData\L...}, goog:chromeOptions: {debuggerAddress: localhost:62063}, javascriptEnabled: true, networkConnectionEnabled: false, pageLoadStrategy: normal, platform: XP, platformName: XP, proxy: Proxy(), setWindowRect: true, strictFileInteractability: false, timeouts: {implicit: 0, pageLoad: 300000, script: 30000}, unhandledPromptBehavior: dismiss and notify}
Session ID: b0d32fe2085533182810167d19ae2e07
*** Element info: {Using=css selector, value=frame[name='snap\-midtrans'],iframe[name='snap\-midtrans']}
at org.openqa.selenium.remote.http.W3CHttpResponseCodec.createException(W3CHttpResponseCodec.java:187)
at org.openqa.selenium.remote.http.W3CHttpResponseCodec.decode(W3CHttpResponseCodec.java:122)
at org.openqa.selenium.remote.http.W3CHttpResponseCodec.decode(W3CHttpResponseCodec.java:49)
at org.openqa.selenium.remote.HttpCommandExecutor.execute(HttpCommandExecutor.java:158)
at org.openqa.selenium.remote.service.DriverCommandExecutor.execute(DriverCommandExecutor.java:83)
at org.openqa.selenium.remote.RemoteWebDriver.execute(RemoteWebDriver.java:552)
at org.openqa.selenium.remote.RemoteWebDriver.findElements(RemoteWebDriver.java:353)
at org.openqa.selenium.remote.RemoteWebDriver.findElementsByCssSelector(RemoteWebDriver.java:424)
at org.openqa.selenium.By$ByCssSelector.findElements(By.java:441)
at org.openqa.selenium.remote.RemoteWebDriver.findElements(RemoteWebDriver.java:311)
at org.openqa.selenium.remote.RemoteWebDriver$RemoteTargetLocator.frame(RemoteWebDriver.java:878)
at com.gojek.testcases.FailedCredit.transactionCompleted(FailedCredit.java:81)
at java.base/java.util.ArrayList.forEach(ArrayList.java:1378)
... Removed 31 stack frames]]>
    </failure>
  </testcase> <!-- transactionCompleted -->
</testsuite> <!-- Smoke Test -->
